\BOOKMARK [0][-]{chapter*.1}{preface}{}% 1
\BOOKMARK [-1][-]{part.1}{I Overview of the PeleLM Algorithm}{}% 2
\BOOKMARK [0][-]{chapter.1}{Introduction}{part.1}% 3
\BOOKMARK [1][-]{section.1.1}{History of PeleLM}{chapter.1}% 4
\BOOKMARK [1][-]{section.1.2}{Brief Overview of Low Speed Approximations}{chapter.1}% 5
\BOOKMARK [2][-]{subsection.1.2.1}{Incompressible Hydrodynamics}{section.1.2}% 6
\BOOKMARK [2][-]{subsection.1.2.2}{Low-Mach Number Combustion}{section.1.2}% 7
\BOOKMARK [2][-]{subsection.1.2.3}{Other Models}{section.1.2}% 8
\BOOKMARK [1][-]{section.1.3}{Projection Methods 101}{chapter.1}% 9
\BOOKMARK [0][-]{chapter.2}{Equation Set}{part.1}% 10
\BOOKMARK [1][-]{section.2.1}{The low Mach number flow equations}{chapter.2}% 11
\BOOKMARK [-1][-]{part.2}{II Using PeleLM}{}% 12
\BOOKMARK [0][-]{chapter.3}{Getting Started}{part.2}% 13
\BOOKMARK [1][-]{section.3.1}{Downloading the Code}{chapter.3}% 14
\BOOKMARK [1][-]{section.3.2}{Building the Code}{chapter.3}% 15
\BOOKMARK [1][-]{section.3.3}{Running the Code}{chapter.3}% 16
\BOOKMARK [1][-]{section.3.4}{Visualization of the Results}{chapter.3}% 17
\BOOKMARK [1][-]{section.3.5}{Other Distributed Problem Setups}{chapter.3}% 18
\BOOKMARK [0][-]{chapter.4}{Inputs Files}{part.2}% 19
\BOOKMARK [1][-]{section.4.1}{Working with probin Files}{chapter.4}% 20
\BOOKMARK [1][-]{section.4.2}{Common inputs Options}{chapter.4}% 21
\BOOKMARK [2][-]{subsection.4.2.1}{Problem Geometry}{section.4.2}% 22
\BOOKMARK [2][-]{subsection.4.2.2}{Domain Boundary Conditions}{section.4.2}% 23
\BOOKMARK [2][-]{subsection.4.2.3}{Resolution}{section.4.2}% 24
\BOOKMARK [2][-]{subsection.4.2.4}{Regridding}{section.4.2}% 25
\BOOKMARK [3][-]{subsubsection.4.2.4.1}{Getting good performance}{subsection.4.2.4}% 26
\BOOKMARK [3][-]{subsubsection.4.2.4.2}{How grids are created}{subsection.4.2.4}% 27
\BOOKMARK [2][-]{subsection.4.2.5}{Simulation Time}{section.4.2}% 28
\BOOKMARK [2][-]{subsection.4.2.6}{Time Step}{section.4.2}% 29
\BOOKMARK [2][-]{subsection.4.2.7}{Restart Capability}{section.4.2}% 30
\BOOKMARK [2][-]{subsection.4.2.8}{Controlling Plotfile Generation}{section.4.2}% 31
\BOOKMARK [2][-]{subsection.4.2.9}{Screen Output}{section.4.2}% 32
\BOOKMARK [2][-]{subsection.4.2.10}{Other parameters}{section.4.2}% 33
\BOOKMARK [0][-]{chapter.5}{Units and Constants}{part.2}% 34
\BOOKMARK [1][-]{section.5.1}{Units and Constants}{chapter.5}% 35
\BOOKMARK [0][-]{chapter.6}{Software Framework}{part.2}% 36
\BOOKMARK [1][-]{section.6.1}{Code structure}{chapter.6}% 37
\BOOKMARK [1][-]{section.6.2}{An Overview of PeleLM}{chapter.6}% 38
\BOOKMARK [2][-]{subsection.6.2.1}{Geometry class}{section.6.2}% 39
\BOOKMARK [2][-]{subsection.6.2.2}{ParmParse class}{section.6.2}% 40
\BOOKMARK [2][-]{subsection.6.2.3}{PeleLM Data Structures}{section.6.2}% 41
\BOOKMARK [3][-]{subsubsection.6.2.3.1}{State Data}{subsection.6.2.3}% 42
\BOOKMARK [2][-]{subsection.6.2.4}{Derived Variables}{section.6.2}% 43
\BOOKMARK [2][-]{subsection.6.2.5}{Error Estimators}{section.6.2}% 44
\BOOKMARK [2][-]{subsection.6.2.6}{Fortran Helper Modules}{section.6.2}% 45
\BOOKMARK [1][-]{section.6.3}{Setting Up Your Own Problem}{chapter.6}% 46
\BOOKMARK [1][-]{section.6.4}{Boundaries}{chapter.6}% 47
\BOOKMARK [2][-]{subsection.6.4.1}{Boundaries Between Grids and Levels}{section.6.4}% 48
\BOOKMARK [2][-]{subsection.6.4.2}{Physical Boundaries}{section.6.4}% 49
\BOOKMARK [2][-]{subsection.6.4.3}{The FillPatchIterator}{section.6.4}% 50
\BOOKMARK [1][-]{section.6.5}{Parallel I/O}{chapter.6}% 51
\BOOKMARK [1][-]{section.6.6}{Parallelization}{chapter.6}% 52
\BOOKMARK [2][-]{subsection.6.6.1}{AMReX's Non-Tiling Approach In C++}{section.6.6}% 53
\BOOKMARK [2][-]{subsection.6.6.2}{AMReX's Current Tiling Approach In C++}{section.6.6}% 54
\BOOKMARK [2][-]{subsection.6.6.3}{Practical Details in Working with Tiling}{section.6.6}% 55
\BOOKMARK [0][-]{chapter.7}{AMR}{part.2}% 56
\BOOKMARK [1][-]{section.7.1}{Tagging for Refinement}{chapter.7}% 57
\BOOKMARK [0][-]{chapter.8}{Visualization}{part.2}% 58
\BOOKMARK [1][-]{section.8.1}{Controlling What's in the PlotFile}{chapter.8}% 59
\BOOKMARK [1][-]{section.8.2}{yt}{chapter.8}% 60
\BOOKMARK [2][-]{subsection.8.2.1}{AMReX Data}{section.8.2}% 61
\BOOKMARK [2][-]{subsection.8.2.2}{Interacting with yt: Command Line and Scripting}{section.8.2}% 62
\BOOKMARK [2][-]{subsection.8.2.3}{yt Basics}{section.8.2}% 63
\BOOKMARK [2][-]{subsection.8.2.4}{Data Containers and Selection}{section.8.2}% 64
\BOOKMARK [2][-]{subsection.8.2.5}{Grid Inspection}{section.8.2}% 65
\BOOKMARK [2][-]{subsection.8.2.6}{Example Scripts}{section.8.2}% 66
\BOOKMARK [0][-]{figure.8.6}{References}{part.2}% 67
